#! /home/irene/oss-cad-suite/bin/vvp
:ivl_version "13.0 (devel)" "(s20250103-66-gd67d3323a)";
:ivl_delay_selection "TYPICAL";
:vpi_time_precision - 8;
:vpi_module "/home/irene/oss-cad-suite/lib/ivl/system.vpi";
:vpi_module "/home/irene/oss-cad-suite/lib/ivl/vhdl_sys.vpi";
:vpi_module "/home/irene/oss-cad-suite/lib/ivl/vhdl_textio.vpi";
:vpi_module "/home/irene/oss-cad-suite/lib/ivl/v2005_math.vpi";
:vpi_module "/home/irene/oss-cad-suite/lib/ivl/va_math.vpi";
:vpi_module "/home/irene/oss-cad-suite/lib/ivl/v2009.vpi";
S_0x55556f81a560 .scope package, "$unit" "$unit" 2 1;
 .timescale 0 0;
S_0x55556f81a6f0 .scope module, "ai_fpga_tb" "ai_fpga_tb" 3 4;
 .timescale -8 -8;
v0x55556f867360_0 .var "clk", 0 0;
S_0x55556f81a880 .scope module, "u0" "top" 3 7, 4 6 0, S_0x55556f81a6f0;
 .timescale -8 -8;
    .port_info 0 /INPUT 1 "clk";
P_0x55556f845250 .param/l "filtered_width" 0 4 11, +C4<00000000000000000000000000000010>;
P_0x55556f845290 .param/l "image_width" 0 4 7, +C4<00000000000000000000000000000101>;
P_0x55556f8452d0 .param/l "kernel_width" 0 4 9, +C4<00000000000000000000000000000011>;
P_0x55556f845310 .param/l "pooled_width" 0 4 8, +C4<00000000000000000000000000000011>;
P_0x55556f845350 .param/l "stride" 0 4 10, +C4<00000000000000000000000000000010>;
v0x55556f866900_0 .net "clk", 0 0, v0x55556f867360_0;  1 drivers
v0x55556f8669a0_0 .net "conv_done", 0 0, v0x55556f863ab0_0;  1 drivers
v0x55556f866a90_0 .var "conv_reset", 0 0;
v0x55556f866b90_0 .var "filter", 8 0;
v0x55556f866c60_0 .net/s "filtered_output", 127 0, v0x55556f863e60_0;  1 drivers
v0x55556f866d50_0 .net/s "input_image", 799 0, v0x55556f866800_0;  1 drivers
v0x55556f866df0_0 .net "max_pool_done", 0 0, v0x55556f864e90_0;  1 drivers
v0x55556f866ec0_0 .var "max_pool_reset", 0 0;
v0x55556f866f90_0 .net/s "pooled_output", 287 0, v0x55556f865130_0;  1 drivers
v0x55556f8670f0_0 .net "relu_done", 0 0, v0x55556f8659f0_0;  1 drivers
v0x55556f8671c0_0 .net "relu_output", 799 0, v0x55556f865c80_0;  1 drivers
v0x55556f867290_0 .var "relu_reset", 0 0;
S_0x55556f82d880 .scope module, "conv2d" "conv2d" 4 46, 5 1 0, S_0x55556f81a880;
 .timescale -8 -8;
    .port_info 0 /INPUT 1 "clk";
    .port_info 1 /INPUT 1 "reset";
    .port_info 2 /INPUT 9 "filter";
    .port_info 3 /INPUT 800 "input_image";
    .port_info 4 /OUTPUT 128 "output_image";
    .port_info 5 /OUTPUT 1 "done";
P_0x55556f80ff10 .param/l "input_width" 0 5 4, +C4<00000000000000000000000000000101>;
P_0x55556f80ff50 .param/l "kernel_size" 0 5 2, +C4<00000000000000000000000000000011>;
P_0x55556f80ff90 .param/l "output_width" 0 5 5, +C4<00000000000000000000000000000010>;
P_0x55556f80ffd0 .param/l "stride" 0 5 3, +C4<00000000000000000000000000000010>;
v0x55556f8386a0_0 .var/2s "base_x", 31 0;
v0x55556f83fcb0_0 .var/2s "base_y", 31 0;
v0x55556f844a20_0 .net "clk", 0 0, v0x55556f867360_0;  alias, 1 drivers
v0x55556f863ab0_0 .var "done", 0 0;
v0x55556f863b70_0 .net "filter", 8 0, v0x55556f866b90_0;  1 drivers
v0x55556f863ca0_0 .net/s "input_image", 799 0, v0x55556f866800_0;  alias, 1 drivers
v0x55556f863d80_0 .var/s "kernel_sum", 63 0;
v0x55556f863e60_0 .var/s "output_image", 127 0;
v0x55556f863f40_0 .var/2s "output_x", 31 0;
v0x55556f864020_0 .var/2s "output_y", 31 0;
v0x55556f864100_0 .net "reset", 0 0, v0x55556f866a90_0;  1 drivers
v0x55556f8641c0_0 .var/s "weighted_val", 63 0;
E_0x55556f83e950 .event posedge, v0x55556f844a20_0;
E_0x55556f803170/0 .event anyedge, v0x55556f863f40_0, v0x55556f864020_0, v0x55556f8286b0_0, v0x55556f826d30_0;
E_0x55556f803170/1 .event anyedge, v0x55556f863ca0_0, v0x55556f863b70_0;
E_0x55556f803170 .event/or E_0x55556f803170/0, E_0x55556f803170/1;
S_0x55556f7ded40 .scope begin, "$ivl_for_loop1" "$ivl_for_loop1" 5 33, 5 33 0, S_0x55556f82d880;
 .timescale -8 -8;
v0x55556f838530_0 .var/2s "ky", 31 0;
S_0x55556f7def20 .scope begin, "$ivl_for_loop2" "$ivl_for_loop2" 5 34, 5 34 0, S_0x55556f7ded40;
 .timescale -8 -8;
v0x55556f838810_0 .var/2s "kx", 31 0;
S_0x55556f826760 .scope begin, "$unm_blk_6" "$unm_blk_6" 5 34, 5 34 0, S_0x55556f7def20;
 .timescale -8 -8;
v0x55556f8286b0_0 .var/2s "input_x", 31 0;
v0x55556f826d30_0 .var/2s "input_y", 31 0;
S_0x55556f864360 .scope module, "maxpool2d" "max_pool2d" 4 66, 6 1 0, S_0x55556f81a880;
 .timescale -8 -8;
    .port_info 0 /INPUT 1 "reset";
    .port_info 1 /INPUT 1 "clk";
    .port_info 2 /INPUT 800 "in_map";
    .port_info 3 /OUTPUT 288 "out_map";
    .port_info 4 /OUTPUT 1 "done";
P_0x55556f845790 .param/l "in_width" 0 6 2, +C4<00000000000000000000000000000101>;
P_0x55556f8457d0 .param/l "out_width" 0 6 3, +C4<00000000000000000000000000000011>;
v0x55556f864d10_0 .net "clk", 0 0, v0x55556f867360_0;  alias, 1 drivers
v0x55556f864dd0_0 .var/s "curr_val", 31 0;
v0x55556f864e90_0 .var "done", 0 0;
v0x55556f864f30_0 .net/s "in_map", 799 0, v0x55556f866800_0;  alias, 1 drivers
v0x55556f865020_0 .var/s "max_val", 31 0;
v0x55556f865130_0 .var/s "out_map", 287 0;
v0x55556f865210_0 .var/2u "out_x", 31 0;
v0x55556f8652f0_0 .var/2u "out_y", 31 0;
v0x55556f8653d0_0 .net "reset", 0 0, v0x55556f866ec0_0;  1 drivers
E_0x55556f81db20 .event anyedge, v0x55556f8652f0_0, v0x55556f865210_0, v0x55556f863ca0_0;
S_0x55556f864710 .scope begin, "$ivl_for_loop3" "$ivl_for_loop3" 6 21, 6 21 0, S_0x55556f864360;
 .timescale -8 -8;
v0x55556f864c10_0 .var/2s "ky", 31 0;
S_0x55556f864910 .scope begin, "$ivl_for_loop4" "$ivl_for_loop4" 6 22, 6 22 0, S_0x55556f864710;
 .timescale -8 -8;
v0x55556f864b10_0 .var/2s "kx", 31 0;
S_0x55556f865530 .scope module, "relu" "relu" 4 56, 7 1 0, S_0x55556f81a880;
 .timescale -8 -8;
    .port_info 0 /INPUT 1 "clk";
    .port_info 1 /INPUT 1 "reset";
    .port_info 2 /INPUT 800 "input_map";
    .port_info 3 /OUTPUT 800 "output_map";
    .port_info 4 /OUTPUT 1 "done";
P_0x55556f8656c0 .param/l "map_width" 0 7 2, +C4<00000000000000000000000000000101>;
v0x55556f865900_0 .net "clk", 0 0, v0x55556f867360_0;  alias, 1 drivers
v0x55556f8659f0_0 .var "done", 0 0;
v0x55556f865ab0_0 .var/2s "idx", 31 0;
v0x55556f865b70_0 .net/s "input_map", 799 0, v0x55556f866800_0;  alias, 1 drivers
v0x55556f865c80_0 .var/s "output_map", 799 0;
v0x55556f865db0_0 .net "reset", 0 0, v0x55556f867290_0;  1 drivers
v0x55556f865e70_0 .var/2s "x", 31 0;
v0x55556f865f50_0 .var/2s "y", 31 0;
S_0x55556f8660d0 .scope module, "u1" "memory" 4 38, 8 1 0, S_0x55556f81a880;
 .timescale -8 -8;
    .port_info 0 /OUTPUT 800 "read_data";
P_0x55556f865760 .param/str "INIT_FILE" 0 8 2, "zero_padding.txt";
P_0x55556f8657a0 .param/l "image_width" 0 8 3, +C4<00000000000000000000000000000101>;
v0x55556f866720 .array/s "mem", 2047 0, 7 0;
v0x55556f866800_0 .var/s "read_data", 799 0;
S_0x55556f866420 .scope begin, "$ivl_for_loop0" "$ivl_for_loop0" 8 15, 8 15 0, S_0x55556f8660d0;
 .timescale -8 -8;
v0x55556f866620_0 .var/2s "i", 31 0;
    .scope S_0x55556f8660d0;
T_0 ;
    %vpi_call/w 8 13 "$readmemh", P_0x55556f865760, v0x55556f866720 {0 0 0};
    %fork t_1, S_0x55556f866420;
    %jmp t_0;
    .scope S_0x55556f866420;
t_1 ;
    %pushi/vec4 0, 0, 32;
    %store/vec4 v0x55556f866620_0, 0, 32;
T_0.0 ; Top of for-loop
    %load/vec4 v0x55556f866620_0;
    %cmpi/s 25, 0, 32;
	  %jmp/0xz T_0.1, 5;
    %ix/getv/s 4, v0x55556f866620_0;
    %load/vec4a v0x55556f866720, 4;
    %pad/s 32;
    %load/vec4 v0x55556f866620_0;
    %muli 32, 0, 32;
    %ix/vec4/s 4;
    %store/vec4 v0x55556f866800_0, 4, 32;
T_0.2 ; for-loop step statement
    ; show_stmt_assign_vector: Get l-value for compressed += operand
    %load/vec4 v0x55556f866620_0;
    %pushi/vec4 1, 0, 32;
    %add;
    %cast2;
    %store/vec4 v0x55556f866620_0, 0, 32;
    %jmp T_0.0;
T_0.1 ; for-loop exit label
    %end;
    .scope S_0x55556f8660d0;
t_0 %join;
    %end;
    .thread T_0;
    .scope S_0x55556f82d880;
T_1 ;
    %pushi/vec4 0, 0, 32;
    %store/vec4 v0x55556f863f40_0, 0, 32;
    %pushi/vec4 0, 0, 32;
    %store/vec4 v0x55556f864020_0, 0, 32;
    %end;
    .thread T_1, $init;
    .scope S_0x55556f826760;
T_2 ;
    %load/vec4 v0x55556f8386a0_0;
    %load/vec4 v0x55556f838810_0;
    %add;
    %store/vec4 v0x55556f8286b0_0, 0, 32;
    %load/vec4 v0x55556f83fcb0_0;
    %load/vec4 v0x55556f838530_0;
    %add;
    %store/vec4 v0x55556f826d30_0, 0, 32;
    %end;
    .thread T_2, $init;
    .scope S_0x55556f82d880;
T_3 ;
Ewait_0 .event/or E_0x55556f803170, E_0x0;
    %wait Ewait_0;
    %pushi/vec4 0, 0, 64;
    %store/vec4 v0x55556f863d80_0, 0, 64;
    %load/vec4 v0x55556f863f40_0;
    %muli 2, 0, 32;
    %store/vec4 v0x55556f8386a0_0, 0, 32;
    %load/vec4 v0x55556f864020_0;
    %muli 2, 0, 32;
    %store/vec4 v0x55556f83fcb0_0, 0, 32;
    %fork t_3, S_0x55556f7ded40;
    %jmp t_2;
    .scope S_0x55556f7ded40;
t_3 ;
    %pushi/vec4 0, 0, 32;
    %store/vec4 v0x55556f838530_0, 0, 32;
T_3.0 ; Top of for-loop
    %load/vec4 v0x55556f838530_0;
    %cmpi/s 3, 0, 32;
	  %jmp/0xz T_3.1, 5;
    %fork t_5, S_0x55556f7def20;
    %jmp t_4;
    .scope S_0x55556f7def20;
t_5 ;
    %pushi/vec4 0, 0, 32;
    %store/vec4 v0x55556f838810_0, 0, 32;
T_3.3 ; Top of for-loop
    %load/vec4 v0x55556f838810_0;
    %cmpi/s 3, 0, 32;
	  %jmp/0xz T_3.4, 5;
    %fork t_7, S_0x55556f826760;
    %jmp t_6;
    .scope S_0x55556f826760;
t_7 ;
    %load/vec4 v0x55556f8286b0_0;
    %cmpi/s 0, 0, 32;
    %jmp/1 T_3.10, 5;
    %flag_mov 8, 5;
    %load/vec4 v0x55556f8286b0_0;
    %cmpi/s 5, 0, 32;
    %flag_inv 5; GE is !LT
    %flag_or 5, 8;
T_3.10;
    %jmp/1 T_3.9, 5;
    %flag_mov 8, 5;
    %load/vec4 v0x55556f826d30_0;
    %cmpi/s 0, 0, 32;
    %flag_or 5, 8;
T_3.9;
    %jmp/1 T_3.8, 5;
    %flag_mov 8, 5;
    %load/vec4 v0x55556f826d30_0;
    %cmpi/s 5, 0, 32;
    %flag_inv 5; GE is !LT
    %flag_or 5, 8;
T_3.8;
    %jmp/0xz  T_3.6, 5;
    %pushi/vec4 0, 0, 64;
    %store/vec4 v0x55556f8641c0_0, 0, 64;
    %jmp T_3.7;
T_3.6 ;
    %load/vec4 v0x55556f863ca0_0;
    %load/vec4 v0x55556f826d30_0;
    %muli 5, 0, 32;
    %load/vec4 v0x55556f8286b0_0;
    %add;
    %muli 32, 0, 32;
    %part/s 32;
    %pad/u 64;
    %load/vec4 v0x55556f863b70_0;
    %load/vec4 v0x55556f838530_0;
    %muli 3, 0, 32;
    %load/vec4 v0x55556f838810_0;
    %add;
    %part/s 1;
    %pad/u 64;
    %mul;
    %store/vec4 v0x55556f8641c0_0, 0, 64;
T_3.7 ;
    ; show_stmt_assign_vector: Get l-value for compressed += operand
    %load/vec4 v0x55556f863d80_0;
    %load/vec4 v0x55556f8641c0_0;
    %add;
    %store/vec4 v0x55556f863d80_0, 0, 64;
    %end;
    .scope S_0x55556f7def20;
t_6 %join;
T_3.5 ; for-loop step statement
    ; show_stmt_assign_vector: Get l-value for compressed += operand
    %load/vec4 v0x55556f838810_0;
    %pushi/vec4 1, 0, 32;
    %add;
    %cast2;
    %store/vec4 v0x55556f838810_0, 0, 32;
    %jmp T_3.3;
T_3.4 ; for-loop exit label
    %end;
    .scope S_0x55556f7ded40;
t_4 %join;
T_3.2 ; for-loop step statement
    ; show_stmt_assign_vector: Get l-value for compressed += operand
    %load/vec4 v0x55556f838530_0;
    %pushi/vec4 1, 0, 32;
    %add;
    %cast2;
    %store/vec4 v0x55556f838530_0, 0, 32;
    %jmp T_3.0;
T_3.1 ; for-loop exit label
    %end;
    .scope S_0x55556f82d880;
t_2 %join;
    %jmp T_3;
    .thread T_3, $push;
    .scope S_0x55556f82d880;
T_4 ;
    %wait E_0x55556f83e950;
    %load/vec4 v0x55556f864100_0;
    %flag_set/vec4 8;
    %jmp/0xz  T_4.0, 8;
    %pushi/vec4 0, 0, 32;
    %assign/vec4 v0x55556f863f40_0, 0;
    %pushi/vec4 0, 0, 32;
    %assign/vec4 v0x55556f864020_0, 0;
    %pushi/vec4 0, 0, 1;
    %assign/vec4 v0x55556f863ab0_0, 0;
    %jmp T_4.1;
T_4.0 ;
    %load/vec4 v0x55556f863ab0_0;
    %nor/r;
    %flag_set/vec4 8;
    %jmp/0xz  T_4.2, 8;
    %load/vec4 v0x55556f863d80_0;
    %parti/s 32, 0, 2;
    %ix/load 5, 0, 0;
    %load/vec4 v0x55556f864020_0;
    %muli 2, 0, 32;
    %load/vec4 v0x55556f863f40_0;
    %add;
    %muli 32, 0, 32;
    %ix/vec4/s 4;
    %assign/vec4/off/d v0x55556f863e60_0, 4, 5;
    %load/vec4 v0x55556f863f40_0;
    %cmpi/e 1, 0, 32;
    %jmp/0xz  T_4.4, 4;
    %pushi/vec4 0, 0, 32;
    %assign/vec4 v0x55556f863f40_0, 0;
    %load/vec4 v0x55556f864020_0;
    %cmpi/e 1, 0, 32;
    %jmp/0xz  T_4.6, 4;
    %pushi/vec4 0, 0, 32;
    %assign/vec4 v0x55556f864020_0, 0;
    %pushi/vec4 1, 0, 1;
    %assign/vec4 v0x55556f863ab0_0, 0;
    %jmp T_4.7;
T_4.6 ;
    %load/vec4 v0x55556f864020_0;
    %addi 1, 0, 32;
    %assign/vec4 v0x55556f864020_0, 0;
T_4.7 ;
    %jmp T_4.5;
T_4.4 ;
    %load/vec4 v0x55556f863f40_0;
    %addi 1, 0, 32;
    %assign/vec4 v0x55556f863f40_0, 0;
T_4.5 ;
T_4.2 ;
T_4.1 ;
    %jmp T_4;
    .thread T_4;
    .scope S_0x55556f865530;
T_5 ;
    %pushi/vec4 0, 0, 32;
    %store/vec4 v0x55556f865e70_0, 0, 32;
    %pushi/vec4 0, 0, 32;
    %store/vec4 v0x55556f865f50_0, 0, 32;
    %end;
    .thread T_5, $init;
    .scope S_0x55556f865530;
T_6 ;
    %pushi/vec4 0, 0, 1;
    %store/vec4 v0x55556f8659f0_0, 0, 1;
    %end;
    .thread T_6;
    .scope S_0x55556f865530;
T_7 ;
    %wait E_0x55556f83e950;
    %load/vec4 v0x55556f865db0_0;
    %flag_set/vec4 8;
    %jmp/0xz  T_7.0, 8;
    %pushi/vec4 0, 0, 32;
    %assign/vec4 v0x55556f865e70_0, 0;
    %pushi/vec4 0, 0, 32;
    %assign/vec4 v0x55556f865f50_0, 0;
    %pushi/vec4 0, 0, 1;
    %assign/vec4 v0x55556f8659f0_0, 0;
    %jmp T_7.1;
T_7.0 ;
    %load/vec4 v0x55556f8659f0_0;
    %nor/r;
    %flag_set/vec4 8;
    %jmp/0xz  T_7.2, 8;
    %load/vec4 v0x55556f865e70_0;
    %muli 5, 0, 32;
    %load/vec4 v0x55556f865f50_0;
    %add;
    %muli 32, 0, 32;
    %assign/vec4 v0x55556f865ab0_0, 0;
    %load/vec4 v0x55556f865b70_0;
    %load/vec4 v0x55556f865ab0_0;
    %part/s 32;
    %cmpi/s 0, 0, 32;
    %flag_or 5, 4; GT is !LE
    %flag_inv 5;
    %flag_mov 8, 5;
    %jmp/0 T_7.4, 8;
    %load/vec4 v0x55556f865b70_0;
    %load/vec4 v0x55556f865ab0_0;
    %part/s 32;
    %jmp/1 T_7.5, 8;
T_7.4 ; End of true expr.
    %pushi/vec4 0, 0, 32;
    %jmp/0 T_7.5, 8;
 ; End of false expr.
    %blend;
T_7.5;
    %ix/load 5, 0, 0;
    %ix/getv/s 4, v0x55556f865ab0_0;
    %assign/vec4/off/d v0x55556f865c80_0, 4, 5;
    %load/vec4 v0x55556f865e70_0;
    %cmpi/e 5, 0, 32;
    %flag_get/vec4 4;
    %jmp/0 T_7.8, 4;
    %load/vec4 v0x55556f865f50_0;
    %pushi/vec4 5, 0, 32;
    %cmp/e;
    %flag_get/vec4 4;
    %and;
T_7.8;
    %flag_set/vec4 8;
    %jmp/0xz  T_7.6, 8;
    %pushi/vec4 1, 0, 1;
    %assign/vec4 v0x55556f8659f0_0, 0;
    %jmp T_7.7;
T_7.6 ;
    %load/vec4 v0x55556f865e70_0;
    %cmpi/e 4, 0, 32;
    %flag_get/vec4 4;
    %jmp/0 T_7.11, 4;
    %load/vec4 v0x55556f865f50_0;
    %pushi/vec4 4, 0, 32;
    %cmp/e;
    %flag_get/vec4 4;
    %and;
T_7.11;
    %flag_set/vec4 8;
    %jmp/0xz  T_7.9, 8;
    %pushi/vec4 0, 0, 32;
    %assign/vec4 v0x55556f865e70_0, 0;
    %pushi/vec4 0, 0, 32;
    %assign/vec4 v0x55556f865f50_0, 0;
    %jmp T_7.10;
T_7.9 ;
    %load/vec4 v0x55556f865f50_0;
    %cmpi/e 4, 0, 32;
    %jmp/0xz  T_7.12, 4;
    %pushi/vec4 0, 0, 32;
    %assign/vec4 v0x55556f865f50_0, 0;
    %load/vec4 v0x55556f865e70_0;
    %addi 1, 0, 32;
    %assign/vec4 v0x55556f865e70_0, 0;
    %jmp T_7.13;
T_7.12 ;
    %load/vec4 v0x55556f865f50_0;
    %addi 1, 0, 32;
    %assign/vec4 v0x55556f865f50_0, 0;
T_7.13 ;
T_7.10 ;
T_7.7 ;
T_7.2 ;
T_7.1 ;
    %jmp T_7;
    .thread T_7;
    .scope S_0x55556f864360;
T_8 ;
    %pushi/vec4 0, 0, 32;
    %store/vec4 v0x55556f8652f0_0, 0, 32;
    %pushi/vec4 0, 0, 32;
    %store/vec4 v0x55556f865210_0, 0, 32;
    %end;
    .thread T_8, $init;
    .scope S_0x55556f864360;
T_9 ;
Ewait_1 .event/or E_0x55556f81db20, E_0x0;
    %wait Ewait_1;
    %load/vec4 v0x55556f864f30_0;
    %load/vec4 v0x55556f8652f0_0;
    %muli 2, 0, 32;
    %muli 5, 0, 32;
    %load/vec4 v0x55556f865210_0;
    %muli 2, 0, 32;
    %add;
    %muli 32, 0, 32;
    %part/u 32;
    %store/vec4 v0x55556f865020_0, 0, 32;
    %fork t_9, S_0x55556f864710;
    %jmp t_8;
    .scope S_0x55556f864710;
t_9 ;
    %pushi/vec4 0, 0, 32;
    %store/vec4 v0x55556f864c10_0, 0, 32;
T_9.0 ; Top of for-loop
    %load/vec4 v0x55556f864c10_0;
    %cmpi/s 2, 0, 32;
	  %jmp/0xz T_9.1, 5;
    %fork t_11, S_0x55556f864910;
    %jmp t_10;
    .scope S_0x55556f864910;
t_11 ;
    %pushi/vec4 0, 0, 32;
    %store/vec4 v0x55556f864b10_0, 0, 32;
T_9.3 ; Top of for-loop
    %load/vec4 v0x55556f864b10_0;
    %cmpi/s 2, 0, 32;
	  %jmp/0xz T_9.4, 5;
    %load/vec4 v0x55556f8652f0_0;
    %muli 2, 0, 32;
    %load/vec4 v0x55556f864c10_0;
    %add;
    %cmpi/u 5, 0, 32;
    %flag_get/vec4 5;
    %jmp/0 T_9.8, 5;
    %load/vec4 v0x55556f865210_0;
    %muli 2, 0, 32;
    %load/vec4 v0x55556f864b10_0;
    %add;
    %cmpi/u 5, 0, 32;
    %flag_get/vec4 5;
    %and;
T_9.8;
    %flag_set/vec4 8;
    %jmp/0xz  T_9.6, 8;
    %load/vec4 v0x55556f864f30_0;
    %load/vec4 v0x55556f8652f0_0;
    %muli 2, 0, 32;
    %load/vec4 v0x55556f864c10_0;
    %add;
    %muli 5, 0, 32;
    %load/vec4 v0x55556f865210_0;
    %muli 2, 0, 32;
    %load/vec4 v0x55556f864b10_0;
    %add;
    %add;
    %muli 32, 0, 32;
    %part/u 32;
    %store/vec4 v0x55556f864dd0_0, 0, 32;
    %jmp T_9.7;
T_9.6 ;
    %pushi/vec4 0, 0, 32;
    %store/vec4 v0x55556f864dd0_0, 0, 32;
T_9.7 ;
    %load/vec4 v0x55556f865020_0;
    %load/vec4 v0x55556f864dd0_0;
    %cmp/s;
    %jmp/0xz  T_9.9, 5;
    %load/vec4 v0x55556f864dd0_0;
    %store/vec4 v0x55556f865020_0, 0, 32;
T_9.9 ;
T_9.5 ; for-loop step statement
    ; show_stmt_assign_vector: Get l-value for compressed += operand
    %load/vec4 v0x55556f864b10_0;
    %pushi/vec4 1, 0, 32;
    %add;
    %cast2;
    %store/vec4 v0x55556f864b10_0, 0, 32;
    %jmp T_9.3;
T_9.4 ; for-loop exit label
    %end;
    .scope S_0x55556f864710;
t_10 %join;
T_9.2 ; for-loop step statement
    ; show_stmt_assign_vector: Get l-value for compressed += operand
    %load/vec4 v0x55556f864c10_0;
    %pushi/vec4 1, 0, 32;
    %add;
    %cast2;
    %store/vec4 v0x55556f864c10_0, 0, 32;
    %jmp T_9.0;
T_9.1 ; for-loop exit label
    %end;
    .scope S_0x55556f864360;
t_8 %join;
    %jmp T_9;
    .thread T_9, $push;
    .scope S_0x55556f864360;
T_10 ;
    %wait E_0x55556f83e950;
    %load/vec4 v0x55556f8653d0_0;
    %flag_set/vec4 8;
    %jmp/0xz  T_10.0, 8;
    %pushi/vec4 0, 0, 32;
    %assign/vec4 v0x55556f865210_0, 0;
    %pushi/vec4 0, 0, 32;
    %assign/vec4 v0x55556f8652f0_0, 0;
    %pushi/vec4 0, 0, 1;
    %assign/vec4 v0x55556f864e90_0, 0;
    %jmp T_10.1;
T_10.0 ;
    %load/vec4 v0x55556f864e90_0;
    %pad/u 32;
    %cmpi/e 0, 0, 32;
    %flag_get/vec4 4;
    %jmp/0 T_10.5, 4;
    %load/vec4 v0x55556f8652f0_0;
    %pushi/vec4 2, 0, 32;
    %cmp/e;
    %flag_get/vec4 4;
    %and;
T_10.5;
    %flag_set/vec4 9;
    %flag_get/vec4 9;
    %jmp/0 T_10.4, 9;
    %load/vec4 v0x55556f865210_0;
    %pushi/vec4 2, 0, 32;
    %cmp/e;
    %flag_get/vec4 4;
    %and;
T_10.4;
    %flag_set/vec4 8;
    %jmp/0xz  T_10.2, 8;
    %pushi/vec4 1, 0, 1;
    %assign/vec4 v0x55556f864e90_0, 0;
    %jmp T_10.3;
T_10.2 ;
    %load/vec4 v0x55556f865210_0;
    %cmpi/e 2, 0, 32;
    %jmp/0xz  T_10.6, 4;
    %pushi/vec4 0, 0, 32;
    %assign/vec4 v0x55556f865210_0, 0;
    %load/vec4 v0x55556f8652f0_0;
    %cmpi/e 2, 0, 32;
    %jmp/0xz  T_10.8, 4;
    %pushi/vec4 0, 0, 32;
    %assign/vec4 v0x55556f8652f0_0, 0;
    %jmp T_10.9;
T_10.8 ;
    %load/vec4 v0x55556f8652f0_0;
    %addi 1, 0, 32;
    %assign/vec4 v0x55556f8652f0_0, 0;
T_10.9 ;
    %jmp T_10.7;
T_10.6 ;
    %load/vec4 v0x55556f865210_0;
    %addi 1, 0, 32;
    %assign/vec4 v0x55556f865210_0, 0;
T_10.7 ;
T_10.3 ;
T_10.1 ;
    %load/vec4 v0x55556f865020_0;
    %ix/load 5, 0, 0;
    %load/vec4 v0x55556f8652f0_0;
    %muli 3, 0, 32;
    %load/vec4 v0x55556f865210_0;
    %add;
    %muli 32, 0, 32;
    %ix/vec4 4;
    %assign/vec4/off/d v0x55556f865130_0, 4, 5;
    %jmp T_10;
    .thread T_10;
    .scope S_0x55556f81a880;
T_11 ;
    %pushi/vec4 0, 0, 1;
    %store/vec4 v0x55556f867290_0, 0, 1;
    %pushi/vec4 0, 0, 1;
    %store/vec4 v0x55556f866ec0_0, 0, 1;
    %pushi/vec4 0, 0, 1;
    %store/vec4 v0x55556f866a90_0, 0, 1;
    %end;
    .thread T_11, $init;
    .scope S_0x55556f81a880;
T_12 ;
    %pushi/vec4 341, 0, 9;
    %store/vec4 v0x55556f866b90_0, 0, 9;
    %end;
    .thread T_12;
    .scope S_0x55556f81a6f0;
T_13 ;
    %pushi/vec4 0, 0, 1;
    %store/vec4 v0x55556f867360_0, 0, 1;
    %end;
    .thread T_13, $init;
    .scope S_0x55556f81a6f0;
T_14 ;
    %vpi_call/w 3 12 "$dumpfile", "top_tb.vcd" {0 0 0};
    %vpi_call/w 3 13 "$dumpvars", 32'sb00000000000000000000000000000000, S_0x55556f81a6f0 {0 0 0};
    %delay 100000, 0;
    %vpi_call/w 3 15 "$finish" {0 0 0};
    %end;
    .thread T_14;
    .scope S_0x55556f81a6f0;
T_15 ;
    %delay 4, 0;
    %load/vec4 v0x55556f867360_0;
    %inv;
    %store/vec4 v0x55556f867360_0, 0, 1;
    %jmp T_15;
    .thread T_15;
# The file index is used to find the file name in the following table.
:file_names 9;
    "N/A";
    "<interactive>";
    "-";
    "top_tb.sv";
    "./top.sv";
    "./conv2d.sv";
    "./maxpool2d.sv";
    "./relu.sv";
    "./memory.sv";
